  main.cpp
c:\svn\viai\viai.runtime\viai.runtime\main.cpp(2): fatal error C1083: Cannot open include file: 'opencv2/highgui.hpp': No such file or directory
  NetInput.cpp
c:\svn\viai\viai.runtime\viai.runtime\netinput.h(4): fatal error C1083: Cannot open include file: 'opencv2/opencv.hpp': No such file or directory
  NetConfig.cpp
c:\svn\viai\viai.runtime\viai.runtime\netconfig.h(6): fatal error C1083: Cannot open include file: 'opencv2/opencv.hpp': No such file or directory
  OpenCV.cpp
c:\svn\viai\viai.runtime\viai.runtime\opencv.h(3): fatal error C1083: Cannot open include file: 'opencv2/dnn.hpp': No such file or directory
  OpenVINO.cpp
c:\program files (x86)\intelswtools\openvino_2020.4.287\deployment_tools\inference_engine\include\details\ie_exception.hpp(66): warning C4275: non dll-interface class 'std::exception' used as base for dll-interface class 'InferenceEngine::details::InferenceEngineException'
  c:\program files (x86)\microsoft visual studio\2017\professional\vc\tools\msvc\14.16.27023\include\vcruntime_exception.h(44): note: see declaration of 'std::exception'
  c:\program files (x86)\intelswtools\openvino_2020.4.287\deployment_tools\inference_engine\include\details\ie_exception.hpp(66): note: see declaration of 'InferenceEngine::details::InferenceEngineException'
c:\program files (x86)\intelswtools\openvino_2020.4.287\deployment_tools\inference_engine\include\details\ie_exception.hpp(67): warning C4251: 'InferenceEngine::details::InferenceEngineException::errorDesc': class 'std::basic_string<char,std::char_traits<char>,std::allocator<char>>' needs to have dll-interface to be used by clients of class 'InferenceEngine::details::InferenceEngineException'
  c:\program files (x86)\microsoft visual studio\2017\professional\vc\tools\msvc\14.16.27023\include\xstring(4373): note: see declaration of 'std::basic_string<char,std::char_traits<char>,std::allocator<char>>'
c:\program files (x86)\intelswtools\openvino_2020.4.287\deployment_tools\inference_engine\include\details\ie_exception.hpp(69): warning C4251: 'InferenceEngine::details::InferenceEngineException::_file': class 'std::basic_string<char,std::char_traits<char>,std::allocator<char>>' needs to have dll-interface to be used by clients of class 'InferenceEngine::details::InferenceEngineException'
  c:\program files (x86)\microsoft visual studio\2017\professional\vc\tools\msvc\14.16.27023\include\xstring(4373): note: see declaration of 'std::basic_string<char,std::char_traits<char>,std::allocator<char>>'
c:\program files (x86)\intelswtools\openvino_2020.4.287\deployment_tools\inference_engine\include\details\ie_exception.hpp(71): warning C4251: 'InferenceEngine::details::InferenceEngineException::exception_stream': class 'std::shared_ptr<std::stringstream>' needs to have dll-interface to be used by clients of class 'InferenceEngine::details::InferenceEngineException'
  c:\program files (x86)\intelswtools\openvino_2020.4.287\deployment_tools\inference_engine\include\details\ie_exception.hpp(71): note: see declaration of 'std::shared_ptr<std::stringstream>'
c:\program files (x86)\intelswtools\openvino_2020.4.287\deployment_tools\inference_engine\include\ie_layouts.h(137): warning C4251: 'InferenceEngine::BlockingDesc::blockedDims': class 'std::vector<size_t,std::allocator<_Ty>>' needs to have dll-interface to be used by clients of class 'InferenceEngine::BlockingDesc'
          with
          [
              _Ty=size_t
          ]
  c:\program files (x86)\intelswtools\openvino_2020.4.287\deployment_tools\inference_engine\include\ie_common.h(29): note: see declaration of 'std::vector<size_t,std::allocator<_Ty>>'
          with
          [
              _Ty=size_t
          ]
c:\program files (x86)\intelswtools\openvino_2020.4.287\deployment_tools\inference_engine\include\ie_layouts.h(139): warning C4251: 'InferenceEngine::BlockingDesc::strides': class 'std::vector<size_t,std::allocator<_Ty>>' needs to have dll-interface to be used by clients of class 'InferenceEngine::BlockingDesc'
          with
          [
              _Ty=size_t
          ]
  c:\program files (x86)\intelswtools\openvino_2020.4.287\deployment_tools\inference_engine\include\ie_common.h(29): note: see declaration of 'std::vector<size_t,std::allocator<_Ty>>'
          with
          [
              _Ty=size_t
          ]
c:\program files (x86)\intelswtools\openvino_2020.4.287\deployment_tools\inference_engine\include\ie_layouts.h(141): warning C4251: 'InferenceEngine::BlockingDesc::order': class 'std::vector<size_t,std::allocator<_Ty>>' needs to have dll-interface to be used by clients of class 'InferenceEngine::BlockingDesc'
          with
          [
              _Ty=size_t
          ]
  c:\program files (x86)\intelswtools\openvino_2020.4.287\deployment_tools\inference_engine\include\ie_common.h(29): note: see declaration of 'std::vector<size_t,std::allocator<_Ty>>'
          with
          [
              _Ty=size_t
          ]
c:\program files (x86)\intelswtools\openvino_2020.4.287\deployment_tools\inference_engine\include\ie_layouts.h(144): warning C4251: 'InferenceEngine::BlockingDesc::offsetPaddingToData': class 'std::vector<size_t,std::allocator<_Ty>>' needs to have dll-interface to be used by clients of class 'InferenceEngine::BlockingDesc'
          with
          [
              _Ty=size_t
          ]
  c:\program files (x86)\intelswtools\openvino_2020.4.287\deployment_tools\inference_engine\include\ie_common.h(29): note: see declaration of 'std::vector<size_t,std::allocator<_Ty>>'
          with
          [
              _Ty=size_t
          ]
c:\program files (x86)\intelswtools\openvino_2020.4.287\deployment_tools\inference_engine\include\ie_layouts.h(310): warning C4251: 'InferenceEngine::TensorDesc::dims': class 'std::vector<size_t,std::allocator<_Ty>>' needs to have dll-interface to be used by clients of class 'InferenceEngine::TensorDesc'
          with
          [
              _Ty=size_t
          ]
  c:\program files (x86)\intelswtools\openvino_2020.4.287\deployment_tools\inference_engine\include\ie_common.h(29): note: see declaration of 'std::vector<size_t,std::allocator<_Ty>>'
          with
          [
              _Ty=size_t
          ]
c:\program files (x86)\intelswtools\openvino_2020.4.287\deployment_tools\inference_engine\include\ie_layouts.h(314): warning C4251: 'InferenceEngine::TensorDesc::precision': class 'InferenceEngine::Precision' needs to have dll-interface to be used by clients of class 'InferenceEngine::TensorDesc'
  c:\program files (x86)\intelswtools\openvino_2020.4.287\deployment_tools\inference_engine\include\ie_precision.hpp(22): note: see declaration of 'InferenceEngine::Precision'
c:\program files (x86)\intelswtools\openvino_2020.4.287\deployment_tools\inference_engine\include\ie_data.h(166): warning C4251: 'InferenceEngine::Data::creatorLayer': class 'std::weak_ptr<InferenceEngine::CNNLayer>' needs to have dll-interface to be used by clients of class 'InferenceEngine::Data'
  c:\program files (x86)\intelswtools\openvino_2020.4.287\deployment_tools\inference_engine\include\ie_common.h(43): note: see declaration of 'std::weak_ptr<InferenceEngine::CNNLayer>'
c:\program files (x86)\intelswtools\openvino_2020.4.287\deployment_tools\inference_engine\include\ie_data.h(171): warning C4251: 'InferenceEngine::Data::name': class 'std::basic_string<char,std::char_traits<char>,std::allocator<char>>' needs to have dll-interface to be used by clients of class 'InferenceEngine::Data'
  c:\program files (x86)\microsoft visual studio\2017\professional\vc\tools\msvc\14.16.27023\include\xstring(4373): note: see declaration of 'std::basic_string<char,std::char_traits<char>,std::allocator<char>>'
c:\program files (x86)\intelswtools\openvino_2020.4.287\deployment_tools\inference_engine\include\ie_data.h(177): warning C4251: 'InferenceEngine::Data::inputTo': class 'std::map<std::string,InferenceEngine::CNNLayerPtr,std::less<_Kty>,std::allocator<std::pair<const _Kty,_Ty>>>' needs to have dll-interface to be used by clients of class 'InferenceEngine::Data'
          with
          [
              _Kty=std::string,
              _Ty=InferenceEngine::CNNLayerPtr
          ]
  c:\program files (x86)\intelswtools\openvino_2020.4.287\deployment_tools\inference_engine\include\ie_data.h(155): note: see declaration of 'std::map<std::string,InferenceEngine::CNNLayerPtr,std::less<_Kty>,std::allocator<std::pair<const _Kty,_Ty>>>'
          with
          [
              _Kty=std::string,
              _Ty=InferenceEngine::CNNLayerPtr
          ]
c:\program files (x86)\intelswtools\openvino_2020.4.287\deployment_tools\inference_engine\include\ie_layers.h(42): warning C4251: 'InferenceEngine::LayerParams::name': class 'std::basic_string<char,std::char_traits<char>,std::allocator<char>>' needs to have dll-interface to be used by clients of struct 'InferenceEngine::LayerParams'
  c:\program files (x86)\microsoft visual studio\2017\professional\vc\tools\msvc\14.16.27023\include\xstring(4373): note: see declaration of 'std::basic_string<char,std::char_traits<char>,std::allocator<char>>'
c:\program files (x86)\intelswtools\openvino_2020.4.287\deployment_tools\inference_engine\include\ie_layers.h(47): warning C4251: 'InferenceEngine::LayerParams::type': class 'std::basic_string<char,std::char_traits<char>,std::allocator<char>>' needs to have dll-interface to be used by clients of struct 'InferenceEngine::LayerParams'
  c:\program files (x86)\microsoft visual studio\2017\professional\vc\tools\msvc\14.16.27023\include\xstring(4373): note: see declaration of 'std::basic_string<char,std::char_traits<char>,std::allocator<char>>'
c:\program files (x86)\intelswtools\openvino_2020.4.287\deployment_tools\inference_engine\include\ie_layers.h(52): warning C4251: 'InferenceEngine::LayerParams::precision': class 'InferenceEngine::Precision' needs to have dll-interface to be used by clients of struct 'InferenceEngine::LayerParams'
  c:\program files (x86)\intelswtools\openvino_2020.4.287\deployment_tools\inference_engine\include\ie_precision.hpp(22): note: see declaration of 'InferenceEngine::Precision'
c:\program files (x86)\intelswtools\openvino_2020.4.287\deployment_tools\inference_engine\include\ie_layers.h(91): warning C4251: 'InferenceEngine::CNNLayer::node': class 'std::shared_ptr<ngraph::Node>' needs to have dll-interface to be used by clients of class 'InferenceEngine::CNNLayer'
  c:\program files (x86)\intelswtools\openvino_2020.4.287\deployment_tools\inference_engine\include\ie_layers.h(91): note: see declaration of 'std::shared_ptr<ngraph::Node>'
c:\program files (x86)\intelswtools\openvino_2020.4.287\deployment_tools\inference_engine\include\ie_layers.h(103): warning C4251: 'InferenceEngine::CNNLayer::name': class 'std::basic_string<char,std::char_traits<char>,std::allocator<char>>' needs to have dll-interface to be used by clients of class 'InferenceEngine::CNNLayer'
  c:\program files (x86)\microsoft visual studio\2017\professional\vc\tools\msvc\14.16.27023\include\xstring(4373): note: see declaration of 'std::basic_string<char,std::char_traits<char>,std::allocator<char>>'
c:\program files (x86)\intelswtools\openvino_2020.4.287\deployment_tools\inference_engine\include\ie_layers.h(108): warning C4251: 'InferenceEngine::CNNLayer::type': class 'std::basic_string<char,std::char_traits<char>,std::allocator<char>>' needs to have dll-interface to be used by clients of class 'InferenceEngine::CNNLayer'
  c:\program files (x86)\microsoft visual studio\2017\professional\vc\tools\msvc\14.16.27023\include\xstring(4373): note: see declaration of 'std::basic_string<char,std::char_traits<char>,std::allocator<char>>'
c:\program files (x86)\intelswtools\openvino_2020.4.287\deployment_tools\inference_engine\include\ie_layers.h(113): warning C4251: 'InferenceEngine::CNNLayer::precision': class 'InferenceEngine::Precision' needs to have dll-interface to be used by clients of class 'InferenceEngine::CNNLayer'
  c:\program files (x86)\intelswtools\openvino_2020.4.287\deployment_tools\inference_engine\include\ie_precision.hpp(22): note: see declaration of 'InferenceEngine::Precision'
c:\program files (x86)\intelswtools\openvino_2020.4.287\deployment_tools\inference_engine\include\ie_layers.h(118): warning C4251: 'InferenceEngine::CNNLayer::outData': class 'std::vector<InferenceEngine::DataPtr,std::allocator<_Ty>>' needs to have dll-interface to be used by clients of class 'InferenceEngine::CNNLayer'
          with
          [
              _Ty=InferenceEngine::DataPtr
          ]
  c:\program files (x86)\intelswtools\openvino_2020.4.287\deployment_tools\inference_engine\include\ie_layers.h(118): note: see declaration of 'std::vector<InferenceEngine::DataPtr,std::allocator<_Ty>>'
          with
          [
              _Ty=InferenceEngine::DataPtr
          ]
c:\program files (x86)\intelswtools\openvino_2020.4.287\deployment_tools\inference_engine\include\ie_layers.h(123): warning C4251: 'InferenceEngine::CNNLayer::insData': class 'std::vector<InferenceEngine::DataWeakPtr,std::allocator<_Ty>>' needs to have dll-interface to be used by clients of class 'InferenceEngine::CNNLayer'
          with
          [
              _Ty=InferenceEngine::DataWeakPtr
          ]
  c:\program files (x86)\intelswtools\openvino_2020.4.287\deployment_tools\inference_engine\include\ie_layers.h(123): note: see declaration of 'std::vector<InferenceEngine::DataWeakPtr,std::allocator<_Ty>>'
          with
          [
              _Ty=InferenceEngine::DataWeakPtr
          ]
c:\program files (x86)\intelswtools\openvino_2020.4.287\deployment_tools\inference_engine\include\ie_layers.h(129): warning C4251: 'InferenceEngine::CNNLayer::_fusedWith': class 'std::shared_ptr<InferenceEngine::CNNLayer>' needs to have dll-interface to be used by clients of class 'InferenceEngine::CNNLayer'
  c:\program files (x86)\intelswtools\openvino_2020.4.287\deployment_tools\inference_engine\include\ie_common.h(39): note: see declaration of 'std::shared_ptr<InferenceEngine::CNNLayer>'
c:\program files (x86)\intelswtools\openvino_2020.4.287\deployment_tools\inference_engine\include\ie_layers.h(140): warning C4251: 'InferenceEngine::CNNLayer::affinity': class 'std::basic_string<char,std::char_traits<char>,std::allocator<char>>' needs to have dll-interface to be used by clients of class 'InferenceEngine::CNNLayer'
  c:\program files (x86)\microsoft visual studio\2017\professional\vc\tools\msvc\14.16.27023\include\xstring(4373): note: see declaration of 'std::basic_string<char,std::char_traits<char>,std::allocator<char>>'
c:\program files (x86)\intelswtools\openvino_2020.4.287\deployment_tools\inference_engine\include\ie_layers.h(367): warning C4251: 'InferenceEngine::CNNLayer::params': class 'std::map<std::string,std::string,std::less<_Kty>,std::allocator<std::pair<const _Kty,_Ty>>>' needs to have dll-interface to be used by clients of class 'InferenceEngine::CNNLayer'
          with
          [
              _Kty=std::string,
              _Ty=std::string
          ]
  c:\program files (x86)\intelswtools\openvino_2020.4.287\deployment_tools\inference_engine\include\ie_layers.h(367): note: see declaration of 'std::map<std::string,std::string,std::less<_Kty>,std::allocator<std::pair<const _Kty,_Ty>>>'
          with
          [
              _Kty=std::string,
              _Ty=std::string
          ]
c:\program files (x86)\intelswtools\openvino_2020.4.287\deployment_tools\inference_engine\include\ie_layers.h(372): warning C4251: 'InferenceEngine::CNNLayer::blobs': class 'std::map<std::string,InferenceEngine::Blob::Ptr,std::less<_Kty>,std::allocator<std::pair<const _Kty,_Ty>>>' needs to have dll-interface to be used by clients of class 'InferenceEngine::CNNLayer'
          with
          [
              _Kty=std::string,
              _Ty=InferenceEngine::Blob::Ptr
          ]
  c:\program files (x86)\intelswtools\openvino_2020.4.287\deployment_tools\inference_engine\include\ie_blob.h(464): note: see declaration of 'std::map<std::string,InferenceEngine::Blob::Ptr,std::less<_Kty>,std::allocator<std::pair<const _Kty,_Ty>>>'
          with
          [
              _Kty=std::string,
              _Ty=InferenceEngine::Blob::Ptr
          ]
c:\program files (x86)\intelswtools\openvino_2020.4.287\deployment_tools\inference_engine\include\ie_layers.h(405): warning C4251: 'InferenceEngine::WeightableLayer::_weights': class 'std::shared_ptr<InferenceEngine::Blob>' needs to have dll-interface to be used by clients of class 'InferenceEngine::WeightableLayer'
  c:\program files (x86)\intelswtools\openvino_2020.4.287\deployment_tools\inference_engine\include\ie_blob.h(42): note: see declaration of 'std::shared_ptr<InferenceEngine::Blob>'
c:\program files (x86)\intelswtools\openvino_2020.4.287\deployment_tools\inference_engine\include\ie_layers.h(409): warning C4251: 'InferenceEngine::WeightableLayer::_biases': class 'std::shared_ptr<InferenceEngine::Blob>' needs to have dll-interface to be used by clients of class 'InferenceEngine::WeightableLayer'
  c:\program files (x86)\intelswtools\openvino_2020.4.287\deployment_tools\inference_engine\include\ie_blob.h(42): note: see declaration of 'std::shared_ptr<InferenceEngine::Blob>'
c:\program files (x86)\intelswtools\openvino_2020.4.287\deployment_tools\inference_engine\include\ie_layers.h(436): warning C4251: 'InferenceEngine::ConvolutionLayer::_kernel': class 'InferenceEngine::PropertyVector<unsigned int,12>' needs to have dll-interface to be used by clients of class 'InferenceEngine::ConvolutionLayer'
  c:\program files (x86)\intelswtools\openvino_2020.4.287\deployment_tools\inference_engine\include\ie_layers.h(436): note: see declaration of 'InferenceEngine::PropertyVector<unsigned int,12>'
c:\program files (x86)\intelswtools\openvino_2020.4.287\deployment_tools\inference_engine\include\ie_layers.h(440): warning C4251: 'InferenceEngine::ConvolutionLayer::_padding': class 'InferenceEngine::PropertyVector<unsigned int,12>' needs to have dll-interface to be used by clients of class 'InferenceEngine::ConvolutionLayer'
  c:\program files (x86)\intelswtools\openvino_2020.4.287\deployment_tools\inference_engine\include\ie_layers.h(436): note: see declaration of 'InferenceEngine::PropertyVector<unsigned int,12>'
c:\program files (x86)\intelswtools\openvino_2020.4.287\deployment_tools\inference_engine\include\ie_layers.h(444): warning C4251: 'InferenceEngine::ConvolutionLayer::_pads_end': class 'InferenceEngine::PropertyVector<unsigned int,12>' needs to have dll-interface to be used by clients of class 'InferenceEngine::ConvolutionLayer'
  c:\program files (x86)\intelswtools\openvino_2020.4.287\deployment_tools\inference_engine\include\ie_layers.h(436): note: see declaration of 'InferenceEngine::PropertyVector<unsigned int,12>'
c:\program files (x86)\intelswtools\openvino_2020.4.287\deployment_tools\inference_engine\include\ie_layers.h(448): warning C4251: 'InferenceEngine::ConvolutionLayer::_stride': class 'InferenceEngine::PropertyVector<unsigned int,12>' needs to have dll-interface to be used by clients of class 'InferenceEngine::ConvolutionLayer'
  c:\program files (x86)\intelswtools\openvino_2020.4.287\deployment_tools\inference_engine\include\ie_layers.h(436): note: see declaration of 'InferenceEngine::PropertyVector<unsigned int,12>'
c:\program files (x86)\intelswtools\openvino_2020.4.287\deployment_tools\inference_engine\include\ie_layers.h(452): warning C4251: 'InferenceEngine::ConvolutionLayer::_dilation': class 'InferenceEngine::PropertyVector<unsigned int,12>' needs to have dll-interface to be used by clients of class 'InferenceEngine::ConvolutionLayer'
  c:\program files (x86)\intelswtools\openvino_2020.4.287\deployment_tools\inference_engine\include\ie_layers.h(436): note: see declaration of 'InferenceEngine::PropertyVector<unsigned int,12>'
c:\program files (x86)\intelswtools\openvino_2020.4.287\deployment_tools\inference_engine\include\ie_layers.h(464): warning C4251: 'InferenceEngine::ConvolutionLayer::_auto_pad': class 'std::basic_string<char,std::char_traits<char>,std::allocator<char>>' needs to have dll-interface to be used by clients of class 'InferenceEngine::ConvolutionLayer'
  c:\program files (x86)\microsoft visual studio\2017\professional\vc\tools\msvc\14.16.27023\include\xstring(4373): note: see declaration of 'std::basic_string<char,std::char_traits<char>,std::allocator<char>>'
c:\program files (x86)\intelswtools\openvino_2020.4.287\deployment_tools\inference_engine\include\ie_layers.h(545): warning C4251: 'InferenceEngine::PoolingLayer::_kernel': class 'InferenceEngine::PropertyVector<unsigned int,12>' needs to have dll-interface to be used by clients of class 'InferenceEngine::PoolingLayer'
  c:\program files (x86)\intelswtools\openvino_2020.4.287\deployment_tools\inference_engine\include\ie_layers.h(436): note: see declaration of 'InferenceEngine::PropertyVector<unsigned int,12>'
c:\program files (x86)\intelswtools\openvino_2020.4.287\deployment_tools\inference_engine\include\ie_layers.h(549): warning C4251: 'InferenceEngine::PoolingLayer::_padding': class 'InferenceEngine::PropertyVector<unsigned int,12>' needs to have dll-interface to be used by clients of class 'InferenceEngine::PoolingLayer'
  c:\program files (x86)\intelswtools\openvino_2020.4.287\deployment_tools\inference_engine\include\ie_layers.h(436): note: see declaration of 'InferenceEngine::PropertyVector<unsigned int,12>'
c:\program files (x86)\intelswtools\openvino_2020.4.287\deployment_tools\inference_engine\include\ie_layers.h(553): warning C4251: 'InferenceEngine::PoolingLayer::_pads_end': class 'InferenceEngine::PropertyVector<unsigned int,12>' needs to have dll-interface to be used by clients of class 'InferenceEngine::PoolingLayer'
  c:\program files (x86)\intelswtools\openvino_2020.4.287\deployment_tools\inference_engine\include\ie_layers.h(436): note: see declaration of 'InferenceEngine::PropertyVector<unsigned int,12>'
c:\program files (x86)\intelswtools\openvino_2020.4.287\deployment_tools\inference_engine\include\ie_layers.h(557): warning C4251: 'InferenceEngine::PoolingLayer::_stride': class 'InferenceEngine::PropertyVector<unsigned int,12>' needs to have dll-interface to be used by clients of class 'InferenceEngine::PoolingLayer'
  c:\program files (x86)\intelswtools\openvino_2020.4.287\deployment_tools\inference_engine\include\ie_layers.h(436): note: see declaration of 'InferenceEngine::PropertyVector<unsigned int,12>'
c:\program files (x86)\intelswtools\openvino_2020.4.287\deployment_tools\inference_engine\include\ie_layers.h(577): warning C4251: 'InferenceEngine::PoolingLayer::_auto_pad': class 'std::basic_string<char,std::char_traits<char>,std::allocator<char>>' needs to have dll-interface to be used by clients of class 'InferenceEngine::PoolingLayer'
  c:\program files (x86)\microsoft visual studio\2017\professional\vc\tools\msvc\14.16.27023\include\xstring(4373): note: see declaration of 'std::basic_string<char,std::char_traits<char>,std::allocator<char>>'
c:\program files (x86)\intelswtools\openvino_2020.4.287\deployment_tools\inference_engine\include\ie_layers.h(648): warning C4251: 'InferenceEngine::BinaryConvolutionLayer::_kernel': class 'InferenceEngine::PropertyVector<unsigned int,12>' needs to have dll-interface to be used by clients of class 'InferenceEngine::BinaryConvolutionLayer'
  c:\program files (x86)\intelswtools\openvino_2020.4.287\deployment_tools\inference_engine\include\ie_layers.h(436): note: see declaration of 'InferenceEngine::PropertyVector<unsigned int,12>'
c:\program files (x86)\intelswtools\openvino_2020.4.287\deployment_tools\inference_engine\include\ie_layers.h(652): warning C4251: 'InferenceEngine::BinaryConvolutionLayer::_padding': class 'InferenceEngine::PropertyVector<unsigned int,12>' needs to have dll-interface to be used by clients of class 'InferenceEngine::BinaryConvolutionLayer'
  c:\program files (x86)\intelswtools\openvino_2020.4.287\deployment_tools\inference_engine\include\ie_layers.h(436): note: see declaration of 'InferenceEngine::PropertyVector<unsigned int,12>'
c:\program files (x86)\intelswtools\openvino_2020.4.287\deployment_tools\inference_engine\include\ie_layers.h(656): warning C4251: 'InferenceEngine::BinaryConvolutionLayer::_pads_end': class 'InferenceEngine::PropertyVector<unsigned int,12>' needs to have dll-interface to be used by clients of class 'InferenceEngine::BinaryConvolutionLayer'
  c:\program files (x86)\intelswtools\openvino_2020.4.287\deployment_tools\inference_engine\include\ie_layers.h(436): note: see declaration of 'InferenceEngine::PropertyVector<unsigned int,12>'
c:\program files (x86)\intelswtools\openvino_2020.4.287\deployment_tools\inference_engine\include\ie_layers.h(660): warning C4251: 'InferenceEngine::BinaryConvolutionLayer::_stride': class 'InferenceEngine::PropertyVector<unsigned int,12>' needs to have dll-interface to be used by clients of class 'InferenceEngine::BinaryConvolutionLayer'
  c:\program files (x86)\intelswtools\openvino_2020.4.287\deployment_tools\inference_engine\include\ie_layers.h(436): note: see declaration of 'InferenceEngine::PropertyVector<unsigned int,12>'
c:\program files (x86)\intelswtools\openvino_2020.4.287\deployment_tools\inference_engine\include\ie_layers.h(664): warning C4251: 'InferenceEngine::BinaryConvolutionLayer::_dilation': class 'InferenceEngine::PropertyVector<unsigned int,12>' needs to have dll-interface to be used by clients of class 'InferenceEngine::BinaryConvolutionLayer'
  c:\program files (x86)\intelswtools\openvino_2020.4.287\deployment_tools\inference_engine\include\ie_layers.h(436): note: see declaration of 'InferenceEngine::PropertyVector<unsigned int,12>'
c:\program files (x86)\intelswtools\openvino_2020.4.287\deployment_tools\inference_engine\include\ie_layers.h(676): warning C4251: 'InferenceEngine::BinaryConvolutionLayer::_auto_pad': class 'std::basic_string<char,std::char_traits<char>,std::allocator<char>>' needs to have dll-interface to be used by clients of class 'InferenceEngine::BinaryConvolutionLayer'
  c:\program files (x86)\microsoft visual studio\2017\professional\vc\tools\msvc\14.16.27023\include\xstring(4373): note: see declaration of 'std::basic_string<char,std::char_traits<char>,std::allocator<char>>'
c:\program files (x86)\intelswtools\openvino_2020.4.287\deployment_tools\inference_engine\include\ie_layers.h(989): warning C4251: 'InferenceEngine::EltwiseLayer::coeff': class 'std::vector<float,std::allocator<_Ty>>' needs to have dll-interface to be used by clients of class 'InferenceEngine::EltwiseLayer'
          with
          [
              _Ty=float
          ]
  c:\program files (x86)\intelswtools\openvino_2020.4.287\deployment_tools\inference_engine\include\ie_layers.h(234): note: see declaration of 'std::vector<float,std::allocator<_Ty>>'
          with
          [
              _Ty=float
          ]
c:\program files (x86)\intelswtools\openvino_2020.4.287\deployment_tools\inference_engine\include\ie_layers.h(1008): warning C4251: 'InferenceEngine::CropLayer::axis': class 'std::vector<int,std::allocator<_Ty>>' needs to have dll-interface to be used by clients of class 'InferenceEngine::CropLayer'
          with
          [
              _Ty=int
          ]
  c:\program files (x86)\intelswtools\openvino_2020.4.287\deployment_tools\inference_engine\include\ie_layers.h(268): note: see declaration of 'std::vector<int,std::allocator<_Ty>>'
          with
          [
              _Ty=int
          ]
c:\program files (x86)\intelswtools\openvino_2020.4.287\deployment_tools\inference_engine\include\ie_layers.h(1012): warning C4251: 'InferenceEngine::CropLayer::dim': class 'std::vector<int,std::allocator<_Ty>>' needs to have dll-interface to be used by clients of class 'InferenceEngine::CropLayer'
          with
          [
              _Ty=int
          ]
  c:\program files (x86)\intelswtools\openvino_2020.4.287\deployment_tools\inference_engine\include\ie_layers.h(268): note: see declaration of 'std::vector<int,std::allocator<_Ty>>'
          with
          [
              _Ty=int
          ]
c:\program files (x86)\intelswtools\openvino_2020.4.287\deployment_tools\inference_engine\include\ie_layers.h(1016): warning C4251: 'InferenceEngine::CropLayer::offset': class 'std::vector<int,std::allocator<_Ty>>' needs to have dll-interface to be used by clients of class 'InferenceEngine::CropLayer'
          with
          [
              _Ty=int
          ]
  c:\program files (x86)\intelswtools\openvino_2020.4.287\deployment_tools\inference_engine\include\ie_layers.h(268): note: see declaration of 'std::vector<int,std::allocator<_Ty>>'
          with
          [
              _Ty=int
          ]
c:\program files (x86)\intelswtools\openvino_2020.4.287\deployment_tools\inference_engine\include\ie_layers.h(1035): warning C4251: 'InferenceEngine::ReshapeLayer::shape': class 'std::vector<int,std::allocator<_Ty>>' needs to have dll-interface to be used by clients of class 'InferenceEngine::ReshapeLayer'
          with
          [
              _Ty=int
          ]
  c:\program files (x86)\intelswtools\openvino_2020.4.287\deployment_tools\inference_engine\include\ie_layers.h(268): note: see declaration of 'std::vector<int,std::allocator<_Ty>>'
          with
          [
              _Ty=int
          ]
c:\program files (x86)\intelswtools\openvino_2020.4.287\deployment_tools\inference_engine\include\ie_layers.h(1123): warning C4251: 'InferenceEngine::TensorIterator::input_port_map': class 'std::vector<InferenceEngine::TensorIterator::PortMap,std::allocator<_Ty>>' needs to have dll-interface to be used by clients of class 'InferenceEngine::TensorIterator'
          with
          [
              _Ty=InferenceEngine::TensorIterator::PortMap
          ]
  c:\program files (x86)\intelswtools\openvino_2020.4.287\deployment_tools\inference_engine\include\ie_layers.h(1123): note: see declaration of 'std::vector<InferenceEngine::TensorIterator::PortMap,std::allocator<_Ty>>'
          with
          [
              _Ty=InferenceEngine::TensorIterator::PortMap
          ]
c:\program files (x86)\intelswtools\openvino_2020.4.287\deployment_tools\inference_engine\include\ie_layers.h(1124): warning C4251: 'InferenceEngine::TensorIterator::output_port_map': class 'std::vector<InferenceEngine::TensorIterator::PortMap,std::allocator<_Ty>>' needs to have dll-interface to be used by clients of class 'InferenceEngine::TensorIterator'
          with
          [
              _Ty=InferenceEngine::TensorIterator::PortMap
          ]
  c:\program files (x86)\intelswtools\openvino_2020.4.287\deployment_tools\inference_engine\include\ie_layers.h(1123): note: see declaration of 'std::vector<InferenceEngine::TensorIterator::PortMap,std::allocator<_Ty>>'
          with
          [
              _Ty=InferenceEngine::TensorIterator::PortMap
          ]
c:\program files (x86)\intelswtools\openvino_2020.4.287\deployment_tools\inference_engine\include\ie_layers.h(1125): warning C4251: 'InferenceEngine::TensorIterator::back_edges': class 'std::vector<InferenceEngine::TensorIterator::PortMap,std::allocator<_Ty>>' needs to have dll-interface to be used by clients of class 'InferenceEngine::TensorIterator'
          with
          [
              _Ty=InferenceEngine::TensorIterator::PortMap
          ]
  c:\program files (x86)\intelswtools\openvino_2020.4.287\deployment_tools\inference_engine\include\ie_layers.h(1123): note: see declaration of 'std::vector<InferenceEngine::TensorIterator::PortMap,std::allocator<_Ty>>'
          with
          [
              _Ty=InferenceEngine::TensorIterator::PortMap
          ]
c:\program files (x86)\intelswtools\openvino_2020.4.287\deployment_tools\inference_engine\include\ie_layers.h(1174): warning C4251: 'InferenceEngine::RNNCellBase::activations': class 'std::vector<std::string,std::allocator<_Ty>>' needs to have dll-interface to be used by clients of class 'InferenceEngine::RNNCellBase'
          with
          [
              _Ty=std::string
          ]
  c:\program files (x86)\intelswtools\openvino_2020.4.287\deployment_tools\inference_engine\include\ie_layers.h(362): note: see declaration of 'std::vector<std::string,std::allocator<_Ty>>'
          with
          [
              _Ty=std::string
          ]
c:\program files (x86)\intelswtools\openvino_2020.4.287\deployment_tools\inference_engine\include\ie_layers.h(1181): warning C4251: 'InferenceEngine::RNNCellBase::activation_alpha': class 'std::vector<float,std::allocator<_Ty>>' needs to have dll-interface to be used by clients of class 'InferenceEngine::RNNCellBase'
          with
          [
              _Ty=float
          ]
  c:\program files (x86)\intelswtools\openvino_2020.4.287\deployment_tools\inference_engine\include\ie_layers.h(234): note: see declaration of 'std::vector<float,std::allocator<_Ty>>'
          with
          [
              _Ty=float
          ]
c:\program files (x86)\intelswtools\openvino_2020.4.287\deployment_tools\inference_engine\include\ie_layers.h(1188): warning C4251: 'InferenceEngine::RNNCellBase::activation_beta': class 'std::vector<float,std::allocator<_Ty>>' needs to have dll-interface to be used by clients of class 'InferenceEngine::RNNCellBase'
          with
          [
              _Ty=float
          ]
  c:\program files (x86)\intelswtools\openvino_2020.4.287\deployment_tools\inference_engine\include\ie_layers.h(234): note: see declaration of 'std::vector<float,std::allocator<_Ty>>'
          with
          [
              _Ty=float
          ]
c:\program files (x86)\intelswtools\openvino_2020.4.287\deployment_tools\inference_engine\include\ie_layers.h(1494): warning C4251: 'InferenceEngine::PadLayer::pads_begin': class 'InferenceEngine::PropertyVector<unsigned int,12>' needs to have dll-interface to be used by clients of class 'InferenceEngine::PadLayer'
  c:\program files (x86)\intelswtools\openvino_2020.4.287\deployment_tools\inference_engine\include\ie_layers.h(436): note: see declaration of 'InferenceEngine::PropertyVector<unsigned int,12>'
c:\program files (x86)\intelswtools\openvino_2020.4.287\deployment_tools\inference_engine\include\ie_layers.h(1498): warning C4251: 'InferenceEngine::PadLayer::pads_end': class 'InferenceEngine::PropertyVector<unsigned int,12>' needs to have dll-interface to be used by clients of class 'InferenceEngine::PadLayer'
  c:\program files (x86)\intelswtools\openvino_2020.4.287\deployment_tools\inference_engine\include\ie_layers.h(436): note: see declaration of 'InferenceEngine::PropertyVector<unsigned int,12>'
c:\program files (x86)\intelswtools\openvino_2020.4.287\deployment_tools\inference_engine\include\ie_layers.h(1547): warning C4251: 'InferenceEngine::StridedSliceLayer::begin_mask': class 'std::basic_string<char,std::char_traits<char>,std::allocator<char>>' needs to have dll-interface to be used by clients of class 'InferenceEngine::StridedSliceLayer'
  c:\program files (x86)\microsoft visual studio\2017\professional\vc\tools\msvc\14.16.27023\include\xstring(4373): note: see declaration of 'std::basic_string<char,std::char_traits<char>,std::allocator<char>>'
c:\program files (x86)\intelswtools\openvino_2020.4.287\deployment_tools\inference_engine\include\ie_layers.h(1551): warning C4251: 'InferenceEngine::StridedSliceLayer::end_mask': class 'std::basic_string<char,std::char_traits<char>,std::allocator<char>>' needs to have dll-interface to be used by clients of class 'InferenceEngine::StridedSliceLayer'
  c:\program files (x86)\microsoft visual studio\2017\professional\vc\tools\msvc\14.16.27023\include\xstring(4373): note: see declaration of 'std::basic_string<char,std::char_traits<char>,std::allocator<char>>'
c:\program files (x86)\intelswtools\openvino_2020.4.287\deployment_tools\inference_engine\include\ie_layers.h(1556): warning C4251: 'InferenceEngine::StridedSliceLayer::ellipsis_mask': class 'std::basic_string<char,std::char_traits<char>,std::allocator<char>>' needs to have dll-interface to be used by clients of class 'InferenceEngine::StridedSliceLayer'
  c:\program files (x86)\microsoft visual studio\2017\professional\vc\tools\msvc\14.16.27023\include\xstring(4373): note: see declaration of 'std::basic_string<char,std::char_traits<char>,std::allocator<char>>'
c:\program files (x86)\intelswtools\openvino_2020.4.287\deployment_tools\inference_engine\include\ie_layers.h(1561): warning C4251: 'InferenceEngine::StridedSliceLayer::new_axis_mask': class 'std::basic_string<char,std::char_traits<char>,std::allocator<char>>' needs to have dll-interface to be used by clients of class 'InferenceEngine::StridedSliceLayer'
  c:\program files (x86)\microsoft visual studio\2017\professional\vc\tools\msvc\14.16.27023\include\xstring(4373): note: see declaration of 'std::basic_string<char,std::char_traits<char>,std::allocator<char>>'
c:\program files (x86)\intelswtools\openvino_2020.4.287\deployment_tools\inference_engine\include\ie_layers.h(1566): warning C4251: 'InferenceEngine::StridedSliceLayer::shrink_axis_mask': class 'std::basic_string<char,std::char_traits<char>,std::allocator<char>>' needs to have dll-interface to be used by clients of class 'InferenceEngine::StridedSliceLayer'
  c:\program files (x86)\microsoft visual studio\2017\professional\vc\tools\msvc\14.16.27023\include\xstring(4373): note: see declaration of 'std::basic_string<char,std::char_traits<char>,std::allocator<char>>'
c:\program files (x86)\intelswtools\openvino_2020.4.287\deployment_tools\inference_engine\include\ie_layers.h(1652): warning C4251: 'InferenceEngine::SpaceToBatchLayer::_block_shape': class 'std::vector<size_t,std::allocator<_Ty>>' needs to have dll-interface to be used by clients of class 'InferenceEngine::SpaceToBatchLayer'
          with
          [
              _Ty=size_t
          ]
  c:\program files (x86)\intelswtools\openvino_2020.4.287\deployment_tools\inference_engine\include\ie_common.h(29): note: see declaration of 'std::vector<size_t,std::allocator<_Ty>>'
          with
          [
              _Ty=size_t
          ]
c:\program files (x86)\intelswtools\openvino_2020.4.287\deployment_tools\inference_engine\include\ie_layers.h(1657): warning C4251: 'InferenceEngine::SpaceToBatchLayer::_pads_begin': class 'std::vector<size_t,std::allocator<_Ty>>' needs to have dll-interface to be used by clients of class 'InferenceEngine::SpaceToBatchLayer'
          with
          [
              _Ty=size_t
          ]
  c:\program files (x86)\intelswtools\openvino_2020.4.287\deployment_tools\inference_engine\include\ie_common.h(29): note: see declaration of 'std::vector<size_t,std::allocator<_Ty>>'
          with
          [
              _Ty=size_t
          ]
c:\program files (x86)\intelswtools\openvino_2020.4.287\deployment_tools\inference_engine\include\ie_layers.h(1661): warning C4251: 'InferenceEngine::SpaceToBatchLayer::_pads_end': class 'std::vector<size_t,std::allocator<_Ty>>' needs to have dll-interface to be used by clients of class 'InferenceEngine::SpaceToBatchLayer'
          with
          [
              _Ty=size_t
          ]
  c:\program files (x86)\intelswtools\openvino_2020.4.287\deployment_tools\inference_engine\include\ie_common.h(29): note: see declaration of 'std::vector<size_t,std::allocator<_Ty>>'
          with
          [
              _Ty=size_t
          ]
c:\program files (x86)\intelswtools\openvino_2020.4.287\deployment_tools\inference_engine\include\ie_layers.h(1682): warning C4251: 'InferenceEngine::BatchToSpaceLayer::_block_shape': class 'std::vector<size_t,std::allocator<_Ty>>' needs to have dll-interface to be used by clients of class 'InferenceEngine::BatchToSpaceLayer'
          with
          [
              _Ty=size_t
          ]
  c:\program files (x86)\intelswtools\openvino_2020.4.287\deployment_tools\inference_engine\include\ie_common.h(29): note: see declaration of 'std::vector<size_t,std::allocator<_Ty>>'
          with
          [
              _Ty=size_t
          ]
c:\program files (x86)\intelswtools\openvino_2020.4.287\deployment_tools\inference_engine\include\ie_layers.h(1688): warning C4251: 'InferenceEngine::BatchToSpaceLayer::_crops_begin': class 'std::vector<size_t,std::allocator<_Ty>>' needs to have dll-interface to be used by clients of class 'InferenceEngine::BatchToSpaceLayer'
          with
          [
              _Ty=size_t
          ]
  c:\program files (x86)\intelswtools\openvino_2020.4.287\deployment_tools\inference_engine\include\ie_common.h(29): note: see declaration of 'std::vector<size_t,std::allocator<_Ty>>'
          with
          [
              _Ty=size_t
          ]
c:\program files (x86)\intelswtools\openvino_2020.4.287\deployment_tools\inference_engine\include\ie_layers.h(1694): warning C4251: 'InferenceEngine::BatchToSpaceLayer::_crops_end': class 'std::vector<size_t,std::allocator<_Ty>>' needs to have dll-interface to be used by clients of class 'InferenceEngine::BatchToSpaceLayer'
          with
          [
              _Ty=size_t
          ]
  c:\program files (x86)\intelswtools\openvino_2020.4.287\deployment_tools\inference_engine\include\ie_common.h(29): note: see declaration of 'std::vector<size_t,std::allocator<_Ty>>'
          with
          [
              _Ty=size_t
          ]
c:\program files (x86)\intelswtools\openvino_2020.4.287\deployment_tools\inference_engine\include\ie_layers.h(1981): warning C4251: 'InferenceEngine::TopKLayer::mode': class 'std::basic_string<char,std::char_traits<char>,std::allocator<char>>' needs to have dll-interface to be used by clients of class 'InferenceEngine::TopKLayer'
  c:\program files (x86)\microsoft visual studio\2017\professional\vc\tools\msvc\14.16.27023\include\xstring(4373): note: see declaration of 'std::basic_string<char,std::char_traits<char>,std::allocator<char>>'
c:\program files (x86)\intelswtools\openvino_2020.4.287\deployment_tools\inference_engine\include\ie_layers.h(1985): warning C4251: 'InferenceEngine::TopKLayer::sort': class 'std::basic_string<char,std::char_traits<char>,std::allocator<char>>' needs to have dll-interface to be used by clients of class 'InferenceEngine::TopKLayer'
  c:\program files (x86)\microsoft visual studio\2017\professional\vc\tools\msvc\14.16.27023\include\xstring(4373): note: see declaration of 'std::basic_string<char,std::char_traits<char>,std::allocator<char>>'
c:\program files (x86)\intelswtools\openvino_2020.4.287\deployment_tools\inference_engine\include\ie_iextension.h(274): warning C4275: non dll-interface class 'InferenceEngine::IShapeInferExtension' used as base for dll-interface class 'InferenceEngine::IExtension'
  c:\program files (x86)\intelswtools\openvino_2020.4.287\deployment_tools\inference_engine\include\ie_iextension.h(213): note: see declaration of 'InferenceEngine::IShapeInferExtension'
  c:\program files (x86)\intelswtools\openvino_2020.4.287\deployment_tools\inference_engine\include\ie_iextension.h(274): note: see declaration of 'InferenceEngine::IExtension'
c:\program files (x86)\intelswtools\openvino_2020.4.287\deployment_tools\inference_engine\include\ie_icnn_network.hpp(43): warning C4275: non dll-interface class 'InferenceEngine::details::IRelease' used as base for dll-interface class 'InferenceEngine::ICNNNetwork'
  c:\program files (x86)\intelswtools\openvino_2020.4.287\deployment_tools\inference_engine\include\details\ie_irelease.hpp(22): note: see declaration of 'InferenceEngine::details::IRelease'
  c:\program files (x86)\intelswtools\openvino_2020.4.287\deployment_tools\inference_engine\include\ie_icnn_network.hpp(43): note: see declaration of 'InferenceEngine::ICNNNetwork'
c:\program files (x86)\intelswtools\openvino_2020.4.287\deployment_tools\inference_engine\include\cpp\ie_cnn_network.h(329): warning C4251: 'InferenceEngine::CNNNetwork::reader': class 'InferenceEngine::details::SOPointer<InferenceEngine::ICNNNetReader,InferenceEngine::details::SharedObjectLoader>' needs to have dll-interface to be used by clients of class 'InferenceEngine::CNNNetwork'
  c:\program files (x86)\intelswtools\openvino_2020.4.287\deployment_tools\inference_engine\include\ie_icnn_net_reader.h(154): note: see declaration of 'InferenceEngine::details::SOPointer<InferenceEngine::ICNNNetReader,InferenceEngine::details::SharedObjectLoader>'
c:\program files (x86)\intelswtools\openvino_2020.4.287\deployment_tools\inference_engine\include\cpp\ie_cnn_network.h(334): warning C4251: 'InferenceEngine::CNNNetwork::network': class 'std::shared_ptr<InferenceEngine::ICNNNetwork>' needs to have dll-interface to be used by clients of class 'InferenceEngine::CNNNetwork'
  c:\program files (x86)\intelswtools\openvino_2020.4.287\deployment_tools\inference_engine\include\ie_icnn_network.hpp(48): note: see declaration of 'std::shared_ptr<InferenceEngine::ICNNNetwork>'
c:\program files (x86)\intelswtools\openvino_2020.4.287\deployment_tools\inference_engine\include\cpp\ie_cnn_network.h(343): warning C4251: 'InferenceEngine::CNNNetwork::output': class 'std::shared_ptr<InferenceEngine::Data>' needs to have dll-interface to be used by clients of class 'InferenceEngine::CNNNetwork'
  c:\program files (x86)\intelswtools\openvino_2020.4.287\deployment_tools\inference_engine\include\ie_common.h(53): note: see declaration of 'std::shared_ptr<InferenceEngine::Data>'
c:\program files (x86)\intelswtools\openvino_2020.4.287\deployment_tools\inference_engine\include\ie_extension.h(201): warning C4251: 'InferenceEngine::Extension::actual': class 'InferenceEngine::details::SOPointer<InferenceEngine::IExtension,InferenceEngine::details::SharedObjectLoader>' needs to have dll-interface to be used by clients of class 'InferenceEngine::Extension'
  c:\program files (x86)\intelswtools\openvino_2020.4.287\deployment_tools\inference_engine\include\ie_extension.h(201): note: see declaration of 'InferenceEngine::details::SOPointer<InferenceEngine::IExtension,InferenceEngine::details::SharedObjectLoader>'
c:\program files (x86)\intelswtools\openvino_2020.4.287\deployment_tools\inference_engine\include\ie_core.hpp(53): warning C4251: 'InferenceEngine::Core::_impl': class 'std::shared_ptr<InferenceEngine::Core::Impl>' needs to have dll-interface to be used by clients of class 'InferenceEngine::Core'
  c:\program files (x86)\intelswtools\openvino_2020.4.287\deployment_tools\inference_engine\include\ie_core.hpp(53): note: see declaration of 'std::shared_ptr<InferenceEngine::Core::Impl>'
c:\program files (x86)\intelswtools\openvino_2020.4.287\deployment_tools\inference_engine\include\ie_plugin.hpp(36): warning C4275: non dll-interface class 'InferenceEngine::details::IRelease' used as base for dll-interface class 'InferenceEngine::IInferencePlugin'
  c:\program files (x86)\intelswtools\openvino_2020.4.287\deployment_tools\inference_engine\include\details\ie_irelease.hpp(22): note: see declaration of 'InferenceEngine::details::IRelease'
  c:\program files (x86)\intelswtools\openvino_2020.4.287\deployment_tools\inference_engine\include\ie_plugin.hpp(35): note: see declaration of 'InferenceEngine::IInferencePlugin'
c:\program files (x86)\intelswtools\openvino_2020.4.287\deployment_tools\inference_engine\include\ie_plugin_dispatcher.hpp(66): warning C4251: 'InferenceEngine::PluginDispatcher::pluginDirs': class 'std::vector<std::string,std::allocator<_Ty>>' needs to have dll-interface to be used by clients of class 'InferenceEngine::PluginDispatcher'
          with
          [
              _Ty=std::string
          ]
  c:\program files (x86)\intelswtools\openvino_2020.4.287\deployment_tools\inference_engine\include\ie_layers.h(362): note: see declaration of 'std::vector<std::string,std::allocator<_Ty>>'
          with
          [
              _Ty=std::string
          ]
c:\svn\viai\viai.runtime\viai.runtime\openvino.h(8): fatal error C1083: Cannot open include file: 'opencv2/opencv.hpp': No such file or directory
  DatabaseFactory.cpp
c:\svn\viai\viai.runtime\viai.runtime\netinput.h(4): fatal error C1083: Cannot open include file: 'opencv2/opencv.hpp': No such file or directory
